
SQL*Loader: Release 11.2.0.2.0 - Production on Wed Jan 21 17:54:34 2015

Copyright (c) 1982, 2009, Oracle and/or its affiliates.  All rights reserved.

Control File:   C:\Users\sirikonda.naveen\load files\department-load.ctl
Data File:      C:\Users\sirikonda.naveen\load files\departments.txt
  Bad File:     C:\Users\sirikonda.naveen\load files\departments.bad
  Discard File:  none specified
 
 (Allow all discards)

Number to load: ALL
Number to skip: 0
Errors allowed: 50
Bind array:     64 rows, maximum of 256000 bytes
Continuation:    none specified
Path used:      Conventional

Table DEPARTMENT_TEMP, loaded from every logical record.
Insert option in effect for this table: INSERT

   Column Name                  Position   Len  Term Encl Datatype
------------------------------ ---------- ----- ---- ---- ---------------------
DEPT_NAME                           FIRST     *   ,       CHARACTER            
DEPT_DESC                            NEXT     *   ,       CHARACTER            
DEPT_TYPE                            NEXT     *   ,       CHARACTER            


Table DEPARTMENT_TEMP:
  4 Rows successfully loaded.
  0 Rows not loaded due to data errors.
  0 Rows not loaded because all WHEN clauses were failed.
  0 Rows not loaded because all fields were null.


Space allocated for bind array:                  49536 bytes(64 rows)
Read   buffer bytes: 1048576

Total logical records skipped:          0
Total logical records read:             4
Total logical records rejected:         0
Total logical records discarded:        0

Run began on Wed Jan 21 17:54:34 2015
Run ended on Wed Jan 21 17:55:04 2015

Elapsed time was:     00:00:30.11
CPU time was:         00:00:00.08
