
SQL*Loader: Release 11.2.0.2.0 - Production on Mon Feb 23 12:10:14 2015

Copyright (c) 1982, 2009, Oracle and/or its affiliates.  All rights reserved.

Control File:   locations-load.ctl
Data File:      C:\Users\sirikonda.naveen\load files\company2\locations.txt
  Bad File:     C:\Users\sirikonda.naveen\load files\company2\bad_locations_records.txt
  Discard File:  none specified
 
 (Allow all discards)

Number to load: ALL
Number to skip: 0
Errors allowed: 50
Bind array:     64 rows, maximum of 256000 bytes
Continuation:    none specified
Path used:      Conventional

Table LOCATION_TEMP, loaded from every logical record.
Insert option in effect for this table: TRUNCATE
TRAILING NULLCOLS option in effect

   Column Name                  Position   Len  Term Encl Datatype
------------------------------ ---------- ----- ---- ---- ---------------------
ADDRESS1                            FIRST     *           CHARACTER            
    Terminator string : '#$'
ADDRESS2                             NEXT     *           CHARACTER            
    Terminator string : '#$'
ADDRESS3                             NEXT     *           CHARACTER            
    Terminator string : '#$'
CITY                                 NEXT     *           CHARACTER            
    Terminator string : '#$'
COUNTY                               NEXT     *           CHARACTER            
    Terminator string : '#$'
STATE                                NEXT     *           CHARACTER            
    Terminator string : '#$'
POSTAL_CODE                          NEXT     *           CHARACTER            
    Terminator string : '#$'
COUNTRY                              NEXT     *           CHARACTER            
    Terminator string : '#$'
CONTINENT                            NEXT     *           CHARACTER            
    Terminator string : '#$'


Table LOCATION_TEMP:
  1 Row successfully loaded.
  0 Rows not loaded due to data errors.
  0 Rows not loaded because all WHEN clauses were failed.
  0 Rows not loaded because all fields were null.


Space allocated for bind array:                 148608 bytes(64 rows)
Read   buffer bytes: 1048576

Total logical records skipped:          0
Total logical records read:             1
Total logical records rejected:         0
Total logical records discarded:        0

Run began on Mon Feb 23 12:10:14 2015
Run ended on Mon Feb 23 12:10:18 2015

Elapsed time was:     00:00:04.61
CPU time was:         00:00:00.03
